{"C:\\hecho\\npm\\multilang\\bin\\multilang.js":{"path":"C:\\hecho\\npm\\multilang\\bin\\multilang.js","statementMap":{"0":{"start":{"line":4,"column":14},"end":{"line":4,"column":16}},"1":{"start":{"line":6,"column":11},"end":{"line":6,"column":29}},"2":{"start":{"line":7,"column":9},"end":{"line":7,"column":31}},"3":{"start":{"line":8,"column":13},"end":{"line":8,"column":26}},"4":{"start":{"line":9,"column":15},"end":{"line":9,"column":42}},"5":{"start":{"line":10,"column":11},"end":{"line":10,"column":26}},"6":{"start":{"line":11,"column":15},"end":{"line":11,"column":47}},"7":{"start":{"line":15,"column":14},"end":{"line":15,"column":44}},"8":{"start":{"line":16,"column":15},"end":{"line":16,"column":29}},"9":{"start":{"line":17,"column":13},"end":{"line":17,"column":81}},"10":{"start":{"line":19,"column":0},"end":{"line":19,"column":23}},"11":{"start":{"line":20,"column":0},"end":{"line":20,"column":35}},"12":{"start":{"line":22,"column":0},"end":{"line":39,"column":2}},"13":{"start":{"line":42,"column":0},"end":{"line":67,"column":2}},"14":{"start":{"line":43,"column":22},"end":{"line":43,"column":52}},"15":{"start":{"line":44,"column":19},"end":{"line":44,"column":39}},"16":{"start":{"line":45,"column":14},"end":{"line":45,"column":41}},"17":{"start":{"line":46,"column":22},"end":{"line":46,"column":62}},"18":{"start":{"line":47,"column":4},"end":{"line":66,"column":16}},"19":{"start":{"line":48,"column":8},"end":{"line":65,"column":9}},"20":{"start":{"line":49,"column":12},"end":{"line":59,"column":13}},"21":{"start":{"line":51,"column":20},"end":{"line":56,"column":42}},"22":{"start":{"line":58,"column":21},"end":{"line":58,"column":49}},"23":{"start":{"line":61,"column":12},"end":{"line":63,"column":13}},"24":{"start":{"line":62,"column":16},"end":{"line":62,"column":33}},"25":{"start":{"line":64,"column":12},"end":{"line":64,"column":22}},"26":{"start":{"line":69,"column":0},"end":{"line":82,"column":2}},"27":{"start":{"line":70,"column":20},"end":{"line":70,"column":22}},"28":{"start":{"line":71,"column":19},"end":{"line":71,"column":23}},"29":{"start":{"line":72,"column":16},"end":{"line":72,"column":67}},"30":{"start":{"line":73,"column":4},"end":{"line":80,"column":5}},"31":{"start":{"line":74,"column":22},"end":{"line":74,"column":54}},"32":{"start":{"line":76,"column":8},"end":{"line":79,"column":9}},"33":{"start":{"line":77,"column":12},"end":{"line":77,"column":57}},"34":{"start":{"line":77,"column":36},"end":{"line":77,"column":55}},"35":{"start":{"line":78,"column":12},"end":{"line":78,"column":56}},"36":{"start":{"line":81,"column":4},"end":{"line":81,"column":44}},"37":{"start":{"line":84,"column":0},"end":{"line":100,"column":2}},"38":{"start":{"line":85,"column":4},"end":{"line":85,"column":71}},"39":{"start":{"line":85,"column":29},"end":{"line":85,"column":69}},"40":{"start":{"line":86,"column":13},"end":{"line":86,"column":65}},"41":{"start":{"line":87,"column":10},"end":{"line":87,"column":42}},"42":{"start":{"line":88,"column":4},"end":{"line":88,"column":84}},"43":{"start":{"line":89,"column":4},"end":{"line":89,"column":48}},"44":{"start":{"line":90,"column":15},"end":{"line":90,"column":17}},"45":{"start":{"line":92,"column":4},"end":{"line":96,"column":5}},"46":{"start":{"line":93,"column":8},"end":{"line":93,"column":41}},"47":{"start":{"line":93,"column":30},"end":{"line":93,"column":39}},"48":{"start":{"line":94,"column":20},"end":{"line":94,"column":40}},"49":{"start":{"line":95,"column":8},"end":{"line":95,"column":109}},"50":{"start":{"line":98,"column":4},"end":{"line":98,"column":30}},"51":{"start":{"line":99,"column":4},"end":{"line":99,"column":22}},"52":{"start":{"line":102,"column":0},"end":{"line":161,"column":2}},"53":{"start":{"line":103,"column":12},"end":{"line":103,"column":14}},"54":{"start":{"line":104,"column":4},"end":{"line":104,"column":80}},"55":{"start":{"line":105,"column":14},"end":{"line":105,"column":69}},"56":{"start":{"line":106,"column":19},"end":{"line":106,"column":34}},"57":{"start":{"line":107,"column":18},"end":{"line":107,"column":23}},"58":{"start":{"line":108,"column":18},"end":{"line":108,"column":23}},"59":{"start":{"line":109,"column":15},"end":{"line":109,"column":20}},"60":{"start":{"line":110,"column":14},"end":{"line":110,"column":19}},"61":{"start":{"line":111,"column":27},"end":{"line":111,"column":32}},"62":{"start":{"line":112,"column":4},"end":{"line":159,"column":5}},"63":{"start":{"line":112,"column":15},"end":{"line":112,"column":16}},"64":{"start":{"line":113,"column":17},"end":{"line":113,"column":50}},"65":{"start":{"line":114,"column":8},"end":{"line":114,"column":57}},"66":{"start":{"line":114,"column":32},"end":{"line":114,"column":55}},"67":{"start":{"line":115,"column":8},"end":{"line":147,"column":9}},"68":{"start":{"line":116,"column":18},"end":{"line":116,"column":67}},"69":{"start":{"line":117,"column":12},"end":{"line":146,"column":13}},"70":{"start":{"line":118,"column":16},"end":{"line":124,"column":34}},"71":{"start":{"line":119,"column":20},"end":{"line":119,"column":43}},"72":{"start":{"line":120,"column":20},"end":{"line":120,"column":35}},"73":{"start":{"line":121,"column":20},"end":{"line":121,"column":32}},"74":{"start":{"line":122,"column":20},"end":{"line":122,"column":29}},"75":{"start":{"line":124,"column":23},"end":{"line":124,"column":32}},"76":{"start":{"line":126,"column":16},"end":{"line":126,"column":42}},"77":{"start":{"line":127,"column":16},"end":{"line":145,"column":17}},"78":{"start":{"line":128,"column":20},"end":{"line":128,"column":34}},"79":{"start":{"line":129,"column":20},"end":{"line":129,"column":32}},"80":{"start":{"line":130,"column":20},"end":{"line":139,"column":21}},"81":{"start":{"line":131,"column":36},"end":{"line":131,"column":51}},"82":{"start":{"line":132,"column":38},"end":{"line":132,"column":40}},"83":{"start":{"line":133,"column":24},"end":{"line":135,"column":25}},"84":{"start":{"line":133,"column":34},"end":{"line":133,"column":35}},"85":{"start":{"line":134,"column":28},"end":{"line":134,"column":53}},"86":{"start":{"line":136,"column":24},"end":{"line":136,"column":51}},"87":{"start":{"line":138,"column":24},"end":{"line":138,"column":46}},"88":{"start":{"line":140,"column":20},"end":{"line":140,"column":44}},"89":{"start":{"line":141,"column":20},"end":{"line":141,"column":29}},"90":{"start":{"line":142,"column":23},"end":{"line":145,"column":17}},"91":{"start":{"line":143,"column":20},"end":{"line":143,"column":33}},"92":{"start":{"line":144,"column":20},"end":{"line":144,"column":49}},"93":{"start":{"line":148,"column":8},"end":{"line":158,"column":9}},"94":{"start":{"line":149,"column":12},"end":{"line":151,"column":13}},"95":{"start":{"line":150,"column":16},"end":{"line":150,"column":40}},"96":{"start":{"line":152,"column":12},"end":{"line":154,"column":13}},"97":{"start":{"line":153,"column":16},"end":{"line":153,"column":34}},"98":{"start":{"line":156,"column":12},"end":{"line":156,"column":47}},"99":{"start":{"line":157,"column":12},"end":{"line":157,"column":71}},"100":{"start":{"line":157,"column":43},"end":{"line":157,"column":69}},"101":{"start":{"line":160,"column":4},"end":{"line":160,"column":13}},"102":{"start":{"line":163,"column":0},"end":{"line":174,"column":2}},"103":{"start":{"line":165,"column":4},"end":{"line":172,"column":5}},"104":{"start":{"line":166,"column":8},"end":{"line":166,"column":33}},"105":{"start":{"line":168,"column":22},"end":{"line":168,"column":65}},"106":{"start":{"line":169,"column":8},"end":{"line":169,"column":54}},"107":{"start":{"line":170,"column":23},"end":{"line":170,"column":74}},"108":{"start":{"line":171,"column":8},"end":{"line":171,"column":75}},"109":{"start":{"line":173,"column":4},"end":{"line":173,"column":55}},"110":{"start":{"line":176,"column":0},"end":{"line":202,"column":2}},"111":{"start":{"line":177,"column":4},"end":{"line":177,"column":61}},"112":{"start":{"line":177,"column":52},"end":{"line":177,"column":59}},"113":{"start":{"line":178,"column":13},"end":{"line":178,"column":17}},"114":{"start":{"line":179,"column":16},"end":{"line":179,"column":21}},"115":{"start":{"line":180,"column":21},"end":{"line":180,"column":26}},"116":{"start":{"line":182,"column":4},"end":{"line":192,"column":5}},"117":{"start":{"line":183,"column":8},"end":{"line":183,"column":56}},"118":{"start":{"line":183,"column":34},"end":{"line":183,"column":54}},"119":{"start":{"line":184,"column":8},"end":{"line":184,"column":59}},"120":{"start":{"line":184,"column":42},"end":{"line":184,"column":57}},"121":{"start":{"line":185,"column":8},"end":{"line":189,"column":9}},"122":{"start":{"line":186,"column":12},"end":{"line":188,"column":13}},"123":{"start":{"line":187,"column":16},"end":{"line":187,"column":93}},"124":{"start":{"line":190,"column":8},"end":{"line":190,"column":44}},"125":{"start":{"line":190,"column":36},"end":{"line":190,"column":42}},"126":{"start":{"line":191,"column":8},"end":{"line":191,"column":22}},"127":{"start":{"line":194,"column":4},"end":{"line":201,"column":5}},"128":{"start":{"line":195,"column":8},"end":{"line":197,"column":9}},"129":{"start":{"line":196,"column":12},"end":{"line":196,"column":89}},"130":{"start":{"line":199,"column":9},"end":{"line":201,"column":5}},"131":{"start":{"line":200,"column":8},"end":{"line":200,"column":85}},"132":{"start":{"line":204,"column":0},"end":{"line":276,"column":2}},"133":{"start":{"line":205,"column":14},"end":{"line":205,"column":16}},"134":{"start":{"line":206,"column":22},"end":{"line":206,"column":43}},"135":{"start":{"line":207,"column":4},"end":{"line":274,"column":5}},"136":{"start":{"line":208,"column":8},"end":{"line":208,"column":75}},"137":{"start":{"line":210,"column":32},"end":{"line":210,"column":64}},"138":{"start":{"line":211,"column":23},"end":{"line":211,"column":38}},"139":{"start":{"line":212,"column":21},"end":{"line":212,"column":25}},"140":{"start":{"line":212,"column":35},"end":{"line":212,"column":39}},"141":{"start":{"line":213,"column":23},"end":{"line":213,"column":68}},"142":{"start":{"line":214,"column":21},"end":{"line":214,"column":26}},"143":{"start":{"line":215,"column":15},"end":{"line":215,"column":16}},"144":{"start":{"line":216,"column":24},"end":{"line":216,"column":29}},"145":{"start":{"line":217,"column":25},"end":{"line":217,"column":30}},"146":{"start":{"line":218,"column":27},"end":{"line":218,"column":31}},"147":{"start":{"line":219,"column":8},"end":{"line":266,"column":9}},"148":{"start":{"line":220,"column":21},"end":{"line":220,"column":54}},"149":{"start":{"line":221,"column":12},"end":{"line":221,"column":58}},"150":{"start":{"line":221,"column":39},"end":{"line":221,"column":56}},"151":{"start":{"line":222,"column":12},"end":{"line":265,"column":13}},"152":{"start":{"line":223,"column":22},"end":{"line":223,"column":43}},"153":{"start":{"line":224,"column":16},"end":{"line":264,"column":17}},"154":{"start":{"line":225,"column":20},"end":{"line":225,"column":35}},"155":{"start":{"line":226,"column":20},"end":{"line":226,"column":40}},"156":{"start":{"line":227,"column":20},"end":{"line":241,"column":21}},"157":{"start":{"line":228,"column":24},"end":{"line":230,"column":25}},"158":{"start":{"line":229,"column":28},"end":{"line":229,"column":91}},"159":{"start":{"line":231,"column":24},"end":{"line":233,"column":25}},"160":{"start":{"line":232,"column":28},"end":{"line":232,"column":129}},"161":{"start":{"line":235,"column":25},"end":{"line":241,"column":21}},"162":{"start":{"line":236,"column":24},"end":{"line":240,"column":25}},"163":{"start":{"line":237,"column":28},"end":{"line":237,"column":77}},"164":{"start":{"line":238,"column":31},"end":{"line":240,"column":25}},"165":{"start":{"line":239,"column":28},"end":{"line":239,"column":77}},"166":{"start":{"line":242,"column":20},"end":{"line":253,"column":21}},"167":{"start":{"line":243,"column":24},"end":{"line":246,"column":25}},"168":{"start":{"line":244,"column":28},"end":{"line":245,"column":62}},"169":{"start":{"line":247,"column":24},"end":{"line":249,"column":25}},"170":{"start":{"line":248,"column":28},"end":{"line":248,"column":87}},"171":{"start":{"line":251,"column":25},"end":{"line":253,"column":21}},"172":{"start":{"line":252,"column":24},"end":{"line":252,"column":113}},"173":{"start":{"line":254,"column":20},"end":{"line":254,"column":120}},"174":{"start":{"line":255,"column":20},"end":{"line":255,"column":41}},"175":{"start":{"line":256,"column":20},"end":{"line":256,"column":39}},"176":{"start":{"line":257,"column":20},"end":{"line":257,"column":39}},"177":{"start":{"line":260,"column":20},"end":{"line":263,"column":21}},"178":{"start":{"line":261,"column":24},"end":{"line":261,"column":104}},"179":{"start":{"line":262,"column":24},"end":{"line":262,"column":44}},"180":{"start":{"line":267,"column":8},"end":{"line":267,"column":86}},"181":{"start":{"line":268,"column":8},"end":{"line":270,"column":9}},"182":{"start":{"line":269,"column":12},"end":{"line":269,"column":108}},"183":{"start":{"line":271,"column":8},"end":{"line":273,"column":9}},"184":{"start":{"line":272,"column":12},"end":{"line":272,"column":111}},"185":{"start":{"line":275,"column":4},"end":{"line":275,"column":17}},"186":{"start":{"line":278,"column":0},"end":{"line":333,"column":2}},"187":{"start":{"line":279,"column":16},"end":{"line":279,"column":42}},"188":{"start":{"line":280,"column":20},"end":{"line":280,"column":103}},"189":{"start":{"line":280,"column":66},"end":{"line":280,"column":100}},"190":{"start":{"line":281,"column":26},"end":{"line":281,"column":27}},"191":{"start":{"line":282,"column":19},"end":{"line":282,"column":29}},"192":{"start":{"line":283,"column":19},"end":{"line":283,"column":34}},"193":{"start":{"line":284,"column":19},"end":{"line":284,"column":21}},"194":{"start":{"line":285,"column":13},"end":{"line":285,"column":14}},"195":{"start":{"line":286,"column":14},"end":{"line":286,"column":16}},"196":{"start":{"line":287,"column":25},"end":{"line":287,"column":30}},"197":{"start":{"line":288,"column":17},"end":{"line":288,"column":22}},"198":{"start":{"line":289,"column":29},"end":{"line":289,"column":34}},"199":{"start":{"line":290,"column":4},"end":{"line":328,"column":5}},"200":{"start":{"line":290,"column":15},"end":{"line":290,"column":16}},"201":{"start":{"line":291,"column":22},"end":{"line":291,"column":55}},"202":{"start":{"line":292,"column":8},"end":{"line":297,"column":9}},"203":{"start":{"line":293,"column":20},"end":{"line":293,"column":44}},"204":{"start":{"line":294,"column":12},"end":{"line":294,"column":36}},"205":{"start":{"line":294,"column":20},"end":{"line":294,"column":34}},"206":{"start":{"line":295,"column":15},"end":{"line":297,"column":9}},"207":{"start":{"line":296,"column":12},"end":{"line":296,"column":27}},"208":{"start":{"line":298,"column":8},"end":{"line":308,"column":9}},"209":{"start":{"line":299,"column":12},"end":{"line":299,"column":38}},"210":{"start":{"line":300,"column":12},"end":{"line":307,"column":13}},"211":{"start":{"line":301,"column":15},"end":{"line":301,"column":107}},"212":{"start":{"line":303,"column":30},"end":{"line":303,"column":67}},"213":{"start":{"line":304,"column":16},"end":{"line":304,"column":47}},"214":{"start":{"line":305,"column":16},"end":{"line":305,"column":38}},"215":{"start":{"line":306,"column":16},"end":{"line":306,"column":23}},"216":{"start":{"line":309,"column":8},"end":{"line":327,"column":9}},"217":{"start":{"line":310,"column":12},"end":{"line":326,"column":13}},"218":{"start":{"line":311,"column":16},"end":{"line":324,"column":17}},"219":{"start":{"line":312,"column":41},"end":{"line":312,"column":121}},"220":{"start":{"line":313,"column":20},"end":{"line":323,"column":21}},"221":{"start":{"line":314,"column":24},"end":{"line":314,"column":51}},"222":{"start":{"line":316,"column":47},"end":{"line":316,"column":75}},"223":{"start":{"line":317,"column":32},"end":{"line":317,"column":60}},"224":{"start":{"line":318,"column":24},"end":{"line":322,"column":25}},"225":{"start":{"line":319,"column":28},"end":{"line":319,"column":163}},"226":{"start":{"line":321,"column":28},"end":{"line":321,"column":55}},"227":{"start":{"line":325,"column":16},"end":{"line":325,"column":21}},"228":{"start":{"line":329,"column":4},"end":{"line":331,"column":5}},"229":{"start":{"line":330,"column":8},"end":{"line":330,"column":78}},"230":{"start":{"line":332,"column":4},"end":{"line":332,"column":17}},"231":{"start":{"line":335,"column":0},"end":{"line":337,"column":2}},"232":{"start":{"line":336,"column":4},"end":{"line":336,"column":83}},"233":{"start":{"line":339,"column":0},"end":{"line":347,"column":2}},"234":{"start":{"line":340,"column":10},"end":{"line":340,"column":12}},"235":{"start":{"line":341,"column":4},"end":{"line":345,"column":5}},"236":{"start":{"line":341,"column":14},"end":{"line":341,"column":15}},"237":{"start":{"line":342,"column":19},"end":{"line":342,"column":32}},"238":{"start":{"line":343,"column":8},"end":{"line":343,"column":74}},"239":{"start":{"line":343,"column":30},"end":{"line":343,"column":72}},"240":{"start":{"line":344,"column":8},"end":{"line":344,"column":61}},"241":{"start":{"line":346,"column":4},"end":{"line":346,"column":22}},"242":{"start":{"line":349,"column":0},"end":{"line":412,"column":2}},"243":{"start":{"line":350,"column":19},"end":{"line":350,"column":34}},"244":{"start":{"line":351,"column":10},"end":{"line":351,"column":12}},"245":{"start":{"line":353,"column":15},"end":{"line":353,"column":59}},"246":{"start":{"line":354,"column":14},"end":{"line":354,"column":20}},"247":{"start":{"line":355,"column":14},"end":{"line":355,"column":19}},"248":{"start":{"line":356,"column":14},"end":{"line":356,"column":19}},"249":{"start":{"line":357,"column":20},"end":{"line":357,"column":25}},"250":{"start":{"line":358,"column":18},"end":{"line":358,"column":23}},"251":{"start":{"line":359,"column":4},"end":{"line":410,"column":5}},"252":{"start":{"line":359,"column":15},"end":{"line":359,"column":16}},"253":{"start":{"line":360,"column":19},"end":{"line":360,"column":52}},"254":{"start":{"line":361,"column":20},"end":{"line":361,"column":34}},"255":{"start":{"line":362,"column":18},"end":{"line":362,"column":32}},"256":{"start":{"line":363,"column":8},"end":{"line":363,"column":61}},"257":{"start":{"line":364,"column":8},"end":{"line":406,"column":9}},"258":{"start":{"line":365,"column":12},"end":{"line":403,"column":13}},"259":{"start":{"line":366,"column":22},"end":{"line":366,"column":39}},"260":{"start":{"line":367,"column":16},"end":{"line":367,"column":51}},"261":{"start":{"line":368,"column":26},"end":{"line":368,"column":30}},"262":{"start":{"line":369,"column":28},"end":{"line":369,"column":32}},"263":{"start":{"line":370,"column":16},"end":{"line":378,"column":17}},"264":{"start":{"line":371,"column":20},"end":{"line":375,"column":21}},"265":{"start":{"line":372,"column":24},"end":{"line":372,"column":40}},"266":{"start":{"line":374,"column":24},"end":{"line":374,"column":70}},"267":{"start":{"line":376,"column":20},"end":{"line":376,"column":45}},"268":{"start":{"line":377,"column":20},"end":{"line":377,"column":40}},"269":{"start":{"line":379,"column":25},"end":{"line":379,"column":60}},"270":{"start":{"line":380,"column":16},"end":{"line":380,"column":27}},"271":{"start":{"line":381,"column":16},"end":{"line":381,"column":56}},"272":{"start":{"line":381,"column":45},"end":{"line":381,"column":54}},"273":{"start":{"line":382,"column":19},"end":{"line":403,"column":13}},"274":{"start":{"line":383,"column":16},"end":{"line":391,"column":17}},"275":{"start":{"line":384,"column":20},"end":{"line":384,"column":59}},"276":{"start":{"line":385,"column":20},"end":{"line":385,"column":35}},"277":{"start":{"line":386,"column":20},"end":{"line":390,"column":21}},"278":{"start":{"line":387,"column":24},"end":{"line":387,"column":33}},"279":{"start":{"line":389,"column":24},"end":{"line":389,"column":37}},"280":{"start":{"line":392,"column":19},"end":{"line":403,"column":13}},"281":{"start":{"line":393,"column":24},"end":{"line":393,"column":63}},"282":{"start":{"line":394,"column":16},"end":{"line":394,"column":28}},"283":{"start":{"line":395,"column":16},"end":{"line":395,"column":34}},"284":{"start":{"line":396,"column":16},"end":{"line":396,"column":42}},"285":{"start":{"line":396,"column":31},"end":{"line":396,"column":40}},"286":{"start":{"line":398,"column":16},"end":{"line":402,"column":17}},"287":{"start":{"line":399,"column":20},"end":{"line":399,"column":33}},"288":{"start":{"line":401,"column":20},"end":{"line":401,"column":29}},"289":{"start":{"line":405,"column":12},"end":{"line":405,"column":25}},"290":{"start":{"line":407,"column":8},"end":{"line":409,"column":9}},"291":{"start":{"line":408,"column":12},"end":{"line":408,"column":25}},"292":{"start":{"line":411,"column":4},"end":{"line":411,"column":22}},"293":{"start":{"line":414,"column":0},"end":{"line":416,"column":2}},"294":{"start":{"line":415,"column":4},"end":{"line":415,"column":42}},"295":{"start":{"line":418,"column":0},"end":{"line":424,"column":2}},"296":{"start":{"line":419,"column":18},"end":{"line":419,"column":57}},"297":{"start":{"line":420,"column":4},"end":{"line":422,"column":5}},"298":{"start":{"line":421,"column":8},"end":{"line":421,"column":51}},"299":{"start":{"line":423,"column":4},"end":{"line":423,"column":19}},"300":{"start":{"line":426,"column":0},"end":{"line":484,"column":2}},"301":{"start":{"line":427,"column":4},"end":{"line":427,"column":59}},"302":{"start":{"line":428,"column":18},"end":{"line":428,"column":106}},"303":{"start":{"line":429,"column":4},"end":{"line":431,"column":5}},"304":{"start":{"line":430,"column":8},"end":{"line":430,"column":64}},"305":{"start":{"line":432,"column":4},"end":{"line":483,"column":7}},"306":{"start":{"line":433,"column":26},"end":{"line":433,"column":60}},"307":{"start":{"line":434,"column":18},"end":{"line":434,"column":70}},"308":{"start":{"line":435,"column":8},"end":{"line":435,"column":82}},"309":{"start":{"line":435,"column":43},"end":{"line":435,"column":78}},"310":{"start":{"line":436,"column":8},"end":{"line":438,"column":9}},"311":{"start":{"line":437,"column":12},"end":{"line":437,"column":72}},"312":{"start":{"line":439,"column":8},"end":{"line":441,"column":9}},"313":{"start":{"line":440,"column":12},"end":{"line":440,"column":74}},"314":{"start":{"line":442,"column":8},"end":{"line":444,"column":9}},"315":{"start":{"line":443,"column":12},"end":{"line":443,"column":61}},"316":{"start":{"line":445,"column":8},"end":{"line":447,"column":9}},"317":{"start":{"line":446,"column":12},"end":{"line":446,"column":122}},"318":{"start":{"line":449,"column":23},"end":{"line":449,"column":25}},"319":{"start":{"line":450,"column":8},"end":{"line":456,"column":9}},"320":{"start":{"line":451,"column":12},"end":{"line":451,"column":111}},"321":{"start":{"line":453,"column":12},"end":{"line":455,"column":15}},"322":{"start":{"line":454,"column":16},"end":{"line":454,"column":129}},"323":{"start":{"line":457,"column":23},"end":{"line":457,"column":53}},"324":{"start":{"line":458,"column":24},"end":{"line":458,"column":118}},"325":{"start":{"line":459,"column":8},"end":{"line":463,"column":9}},"326":{"start":{"line":459,"column":18},"end":{"line":459,"column":19}},"327":{"start":{"line":460,"column":12},"end":{"line":462,"column":13}},"328":{"start":{"line":461,"column":16},"end":{"line":461,"column":72}},"329":{"start":{"line":464,"column":8},"end":{"line":480,"column":9}},"330":{"start":{"line":465,"column":12},"end":{"line":465,"column":107}},"331":{"start":{"line":465,"column":58},"end":{"line":465,"column":105}},"332":{"start":{"line":466,"column":12},"end":{"line":479,"column":16}},"333":{"start":{"line":467,"column":16},"end":{"line":469,"column":17}},"334":{"start":{"line":468,"column":20},"end":{"line":468,"column":99}},"335":{"start":{"line":470,"column":35},"end":{"line":470,"column":111}},"336":{"start":{"line":471,"column":16},"end":{"line":473,"column":17}},"337":{"start":{"line":472,"column":20},"end":{"line":472,"column":89}},"338":{"start":{"line":474,"column":16},"end":{"line":478,"column":19}},"339":{"start":{"line":475,"column":20},"end":{"line":477,"column":21}},"340":{"start":{"line":476,"column":24},"end":{"line":476,"column":94}},"341":{"start":{"line":482,"column":8},"end":{"line":482,"column":34}},"342":{"start":{"line":486,"column":0},"end":{"line":486,"column":27}}},"fnMap":{"0":{"name":"changeDoc","decl":{"start":{"line":42,"column":29},"end":{"line":42,"column":38}},"loc":{"start":{"line":42,"column":57},"end":{"line":67,"column":1}},"line":42},"1":{"name":"(anonymous_1)","decl":{"start":{"line":47,"column":21},"end":{"line":47,"column":22}},"loc":{"start":{"line":47,"column":35},"end":{"line":66,"column":5}},"line":47},"2":{"name":"obtainLangs","decl":{"start":{"line":69,"column":31},"end":{"line":69,"column":42}},"loc":{"start":{"line":69,"column":53},"end":{"line":82,"column":1}},"line":69},"3":{"name":"generateButtons","decl":{"start":{"line":84,"column":35},"end":{"line":84,"column":50}},"loc":{"start":{"line":84,"column":67},"end":{"line":100,"column":1}},"line":84},"4":{"name":"splitDoc","decl":{"start":{"line":102,"column":30},"end":{"line":102,"column":38}},"loc":{"start":{"line":102,"column":53},"end":{"line":161,"column":1}},"line":102},"5":{"name":"parseLang","decl":{"start":{"line":163,"column":29},"end":{"line":163,"column":38}},"loc":{"start":{"line":163,"column":44},"end":{"line":174,"column":1}},"line":163},"6":{"name":"checkForMissingLangs","decl":{"start":{"line":176,"column":42},"end":{"line":176,"column":62}},"loc":{"start":{"line":176,"column":123},"end":{"line":202,"column":1}},"line":176},"7":{"name":"getWarningsLangDirective","decl":{"start":{"line":204,"column":46},"end":{"line":204,"column":70}},"loc":{"start":{"line":204,"column":76},"end":{"line":276,"column":1}},"line":204},"8":{"name":"getWarningsButtons","decl":{"start":{"line":278,"column":40},"end":{"line":278,"column":58}},"loc":{"start":{"line":278,"column":64},"end":{"line":333,"column":1}},"line":278},"9":{"name":"(anonymous_9)","decl":{"start":{"line":280,"column":49},"end":{"line":280,"column":50}},"loc":{"start":{"line":280,"column":64},"end":{"line":280,"column":102}},"line":280},"10":{"name":"getWarnings","decl":{"start":{"line":335,"column":31},"end":{"line":335,"column":42}},"loc":{"start":{"line":335,"column":47},"end":{"line":337,"column":1}},"line":335},"11":{"name":"stringizeWarnings","decl":{"start":{"line":339,"column":37},"end":{"line":339,"column":54}},"loc":{"start":{"line":339,"column":62},"end":{"line":347,"column":1}},"line":339},"12":{"name":"stripComments","decl":{"start":{"line":349,"column":35},"end":{"line":349,"column":48}},"loc":{"start":{"line":349,"column":54},"end":{"line":412,"column":1}},"line":349},"13":{"name":"adjustEol","decl":{"start":{"line":414,"column":29},"end":{"line":414,"column":38}},"loc":{"start":{"line":414,"column":52},"end":{"line":416,"column":1}},"line":414},"14":{"name":"changeNamedDoc","decl":{"start":{"line":418,"column":34},"end":{"line":418,"column":48}},"loc":{"start":{"line":418,"column":82},"end":{"line":424,"column":1}},"line":418},"15":{"name":"main","decl":{"start":{"line":426,"column":24},"end":{"line":426,"column":28}},"loc":{"start":{"line":426,"column":40},"end":{"line":484,"column":1}},"line":426},"16":{"name":"write","decl":{"start":{"line":428,"column":56},"end":{"line":428,"column":61}},"loc":{"start":{"line":428,"column":63},"end":{"line":428,"column":65}},"line":428},"17":{"name":"(anonymous_17)","decl":{"start":{"line":432,"column":65},"end":{"line":432,"column":66}},"loc":{"start":{"line":432,"column":86},"end":{"line":481,"column":5}},"line":432},"18":{"name":"(anonymous_18)","decl":{"start":{"line":435,"column":27},"end":{"line":435,"column":28}},"loc":{"start":{"line":435,"column":41},"end":{"line":435,"column":80}},"line":435},"19":{"name":"(anonymous_19)","decl":{"start":{"line":453,"column":22},"end":{"line":453,"column":23}},"loc":{"start":{"line":453,"column":37},"end":{"line":455,"column":13}},"line":453},"20":{"name":"(anonymous_20)","decl":{"start":{"line":466,"column":44},"end":{"line":466,"column":45}},"loc":{"start":{"line":466,"column":59},"end":{"line":479,"column":13}},"line":466},"21":{"name":"(anonymous_21)","decl":{"start":{"line":474,"column":69},"end":{"line":474,"column":70}},"loc":{"start":{"line":474,"column":79},"end":{"line":478,"column":17}},"line":474},"22":{"name":"(anonymous_22)","decl":{"start":{"line":481,"column":12},"end":{"line":481,"column":13}},"loc":{"start":{"line":481,"column":22},"end":{"line":483,"column":5}},"line":481}},"branchMap":{"0":{"loc":{"start":{"line":48,"column":8},"end":{"line":65,"column":9}},"type":"if","locations":[{"start":{"line":48,"column":8},"end":{"line":65,"column":9}},{"start":{"line":60,"column":15},"end":{"line":65,"column":9}}],"line":48},"1":{"loc":{"start":{"line":49,"column":12},"end":{"line":59,"column":13}},"type":"switch","locations":[{"start":{"line":50,"column":16},"end":{"line":56,"column":42}},{"start":{"line":57,"column":16},"end":{"line":58,"column":49}}],"line":49},"2":{"loc":{"start":{"line":51,"column":28},"end":{"line":51,"column":52}},"type":"cond-expr","locations":[{"start":{"line":51,"column":41},"end":{"line":51,"column":49}},{"start":{"line":51,"column":50},"end":{"line":51,"column":52}}],"line":51},"3":{"loc":{"start":{"line":61,"column":12},"end":{"line":63,"column":13}},"type":"if","locations":[{"start":{"line":61,"column":12},"end":{"line":63,"column":13}},{"start":{},"end":{}}],"line":61},"4":{"loc":{"start":{"line":61,"column":15},"end":{"line":61,"column":43}},"type":"binary-expr","locations":[{"start":{"line":61,"column":15},"end":{"line":61,"column":23}},{"start":{"line":61,"column":27},"end":{"line":61,"column":43}}],"line":61},"5":{"loc":{"start":{"line":73,"column":4},"end":{"line":80,"column":5}},"type":"if","locations":[{"start":{"line":73,"column":4},"end":{"line":80,"column":5}},{"start":{},"end":{}}],"line":73},"6":{"loc":{"start":{"line":77,"column":12},"end":{"line":77,"column":57}},"type":"if","locations":[{"start":{"line":77,"column":12},"end":{"line":77,"column":57}},{"start":{},"end":{}}],"line":77},"7":{"loc":{"start":{"line":85,"column":4},"end":{"line":85,"column":71}},"type":"if","locations":[{"start":{"line":85,"column":4},"end":{"line":85,"column":71}},{"start":{},"end":{}}],"line":85},"8":{"loc":{"start":{"line":93,"column":8},"end":{"line":93,"column":41}},"type":"if","locations":[{"start":{"line":93,"column":8},"end":{"line":93,"column":41}},{"start":{},"end":{}}],"line":93},"9":{"loc":{"start":{"line":105,"column":14},"end":{"line":105,"column":69}},"type":"cond-expr","locations":[{"start":{"line":105,"column":29},"end":{"line":105,"column":54}},{"start":{"line":105,"column":57},"end":{"line":105,"column":69}}],"line":105},"10":{"loc":{"start":{"line":114,"column":8},"end":{"line":114,"column":57}},"type":"if","locations":[{"start":{"line":114,"column":8},"end":{"line":114,"column":57}},{"start":{},"end":{}}],"line":114},"11":{"loc":{"start":{"line":115,"column":8},"end":{"line":147,"column":9}},"type":"if","locations":[{"start":{"line":115,"column":8},"end":{"line":147,"column":9}},{"start":{},"end":{}}],"line":115},"12":{"loc":{"start":{"line":115,"column":11},"end":{"line":115,"column":35}},"type":"binary-expr","locations":[{"start":{"line":115,"column":11},"end":{"line":115,"column":21}},{"start":{"line":115,"column":25},"end":{"line":115,"column":35}}],"line":115},"13":{"loc":{"start":{"line":117,"column":12},"end":{"line":146,"column":13}},"type":"if","locations":[{"start":{"line":117,"column":12},"end":{"line":146,"column":13}},{"start":{"line":125,"column":19},"end":{"line":146,"column":13}}],"line":117},"14":{"loc":{"start":{"line":118,"column":16},"end":{"line":124,"column":34}},"type":"if","locations":[{"start":{"line":118,"column":16},"end":{"line":124,"column":34}},{"start":{"line":124,"column":21},"end":{"line":124,"column":34}}],"line":118},"15":{"loc":{"start":{"line":127,"column":16},"end":{"line":145,"column":17}},"type":"if","locations":[{"start":{"line":127,"column":16},"end":{"line":145,"column":17}},{"start":{"line":142,"column":23},"end":{"line":145,"column":17}}],"line":127},"16":{"loc":{"start":{"line":130,"column":20},"end":{"line":139,"column":21}},"type":"if","locations":[{"start":{"line":130,"column":20},"end":{"line":139,"column":21}},{"start":{"line":137,"column":27},"end":{"line":139,"column":21}}],"line":130},"17":{"loc":{"start":{"line":142,"column":23},"end":{"line":145,"column":17}},"type":"if","locations":[{"start":{"line":142,"column":23},"end":{"line":145,"column":17}},{"start":{},"end":{}}],"line":142},"18":{"loc":{"start":{"line":142,"column":26},"end":{"line":142,"column":43}},"type":"binary-expr","locations":[{"start":{"line":142,"column":26},"end":{"line":142,"column":33}},{"start":{"line":142,"column":37},"end":{"line":142,"column":43}}],"line":142},"19":{"loc":{"start":{"line":148,"column":8},"end":{"line":158,"column":9}},"type":"if","locations":[{"start":{"line":148,"column":8},"end":{"line":158,"column":9}},{"start":{"line":155,"column":15},"end":{"line":158,"column":9}}],"line":148},"20":{"loc":{"start":{"line":149,"column":12},"end":{"line":151,"column":13}},"type":"if","locations":[{"start":{"line":149,"column":12},"end":{"line":151,"column":13}},{"start":{},"end":{}}],"line":149},"21":{"loc":{"start":{"line":149,"column":15},"end":{"line":149,"column":49}},"type":"binary-expr","locations":[{"start":{"line":149,"column":15},"end":{"line":149,"column":26}},{"start":{"line":149,"column":30},"end":{"line":149,"column":49}}],"line":149},"22":{"loc":{"start":{"line":152,"column":12},"end":{"line":154,"column":13}},"type":"if","locations":[{"start":{"line":152,"column":12},"end":{"line":154,"column":13}},{"start":{},"end":{}}],"line":152},"23":{"loc":{"start":{"line":152,"column":15},"end":{"line":152,"column":46}},"type":"binary-expr","locations":[{"start":{"line":152,"column":15},"end":{"line":152,"column":33}},{"start":{"line":152,"column":37},"end":{"line":152,"column":46}}],"line":152},"24":{"loc":{"start":{"line":157,"column":12},"end":{"line":157,"column":71}},"type":"if","locations":[{"start":{"line":157,"column":12},"end":{"line":157,"column":71}},{"start":{},"end":{}}],"line":157},"25":{"loc":{"start":{"line":165,"column":4},"end":{"line":172,"column":5}},"type":"if","locations":[{"start":{"line":165,"column":4},"end":{"line":172,"column":5}},{"start":{"line":167,"column":10},"end":{"line":172,"column":5}}],"line":165},"26":{"loc":{"start":{"line":177,"column":4},"end":{"line":177,"column":61}},"type":"if","locations":[{"start":{"line":177,"column":4},"end":{"line":177,"column":61}},{"start":{},"end":{}}],"line":177},"27":{"loc":{"start":{"line":177,"column":7},"end":{"line":177,"column":48}},"type":"binary-expr","locations":[{"start":{"line":177,"column":7},"end":{"line":177,"column":25}},{"start":{"line":177,"column":29},"end":{"line":177,"column":48}}],"line":177},"28":{"loc":{"start":{"line":183,"column":8},"end":{"line":183,"column":56}},"type":"if","locations":[{"start":{"line":183,"column":8},"end":{"line":183,"column":56}},{"start":{},"end":{}}],"line":183},"29":{"loc":{"start":{"line":183,"column":11},"end":{"line":183,"column":30}},"type":"binary-expr","locations":[{"start":{"line":183,"column":11},"end":{"line":183,"column":22}},{"start":{"line":183,"column":26},"end":{"line":183,"column":30}}],"line":183},"30":{"loc":{"start":{"line":184,"column":8},"end":{"line":184,"column":59}},"type":"if","locations":[{"start":{"line":184,"column":8},"end":{"line":184,"column":59}},{"start":{},"end":{}}],"line":184},"31":{"loc":{"start":{"line":184,"column":11},"end":{"line":184,"column":38}},"type":"binary-expr","locations":[{"start":{"line":184,"column":11},"end":{"line":184,"column":19}},{"start":{"line":184,"column":23},"end":{"line":184,"column":38}}],"line":184},"32":{"loc":{"start":{"line":185,"column":8},"end":{"line":189,"column":9}},"type":"if","locations":[{"start":{"line":185,"column":8},"end":{"line":189,"column":9}},{"start":{},"end":{}}],"line":185},"33":{"loc":{"start":{"line":185,"column":11},"end":{"line":185,"column":51}},"type":"binary-expr","locations":[{"start":{"line":185,"column":11},"end":{"line":185,"column":18}},{"start":{"line":185,"column":22},"end":{"line":185,"column":26}},{"start":{"line":185,"column":30},"end":{"line":185,"column":51}}],"line":185},"34":{"loc":{"start":{"line":186,"column":12},"end":{"line":188,"column":13}},"type":"if","locations":[{"start":{"line":186,"column":12},"end":{"line":188,"column":13}},{"start":{},"end":{}}],"line":186},"35":{"loc":{"start":{"line":186,"column":15},"end":{"line":186,"column":78}},"type":"binary-expr","locations":[{"start":{"line":186,"column":16},"end":{"line":186,"column":31}},{"start":{"line":186,"column":35},"end":{"line":186,"column":56}},{"start":{"line":186,"column":61},"end":{"line":186,"column":78}}],"line":186},"36":{"loc":{"start":{"line":190,"column":8},"end":{"line":190,"column":44}},"type":"if","locations":[{"start":{"line":190,"column":8},"end":{"line":190,"column":44}},{"start":{},"end":{}}],"line":190},"37":{"loc":{"start":{"line":194,"column":4},"end":{"line":201,"column":5}},"type":"if","locations":[{"start":{"line":194,"column":4},"end":{"line":201,"column":5}},{"start":{"line":199,"column":9},"end":{"line":201,"column":5}}],"line":194},"38":{"loc":{"start":{"line":195,"column":8},"end":{"line":197,"column":9}},"type":"if","locations":[{"start":{"line":195,"column":8},"end":{"line":197,"column":9}},{"start":{},"end":{}}],"line":195},"39":{"loc":{"start":{"line":195,"column":11},"end":{"line":195,"column":55}},"type":"binary-expr","locations":[{"start":{"line":195,"column":11},"end":{"line":195,"column":34}},{"start":{"line":195,"column":38},"end":{"line":195,"column":55}}],"line":195},"40":{"loc":{"start":{"line":199,"column":9},"end":{"line":201,"column":5}},"type":"if","locations":[{"start":{"line":199,"column":9},"end":{"line":201,"column":5}},{"start":{},"end":{}}],"line":199},"41":{"loc":{"start":{"line":199,"column":12},"end":{"line":199,"column":54}},"type":"binary-expr","locations":[{"start":{"line":199,"column":12},"end":{"line":199,"column":27}},{"start":{"line":199,"column":31},"end":{"line":199,"column":54}}],"line":199},"42":{"loc":{"start":{"line":207,"column":4},"end":{"line":274,"column":5}},"type":"if","locations":[{"start":{"line":207,"column":4},"end":{"line":274,"column":5}},{"start":{"line":209,"column":11},"end":{"line":274,"column":5}}],"line":207},"43":{"loc":{"start":{"line":221,"column":12},"end":{"line":221,"column":58}},"type":"if","locations":[{"start":{"line":221,"column":12},"end":{"line":221,"column":58}},{"start":{},"end":{}}],"line":221},"44":{"loc":{"start":{"line":222,"column":12},"end":{"line":265,"column":13}},"type":"if","locations":[{"start":{"line":222,"column":12},"end":{"line":265,"column":13}},{"start":{},"end":{}}],"line":222},"45":{"loc":{"start":{"line":224,"column":16},"end":{"line":264,"column":17}},"type":"if","locations":[{"start":{"line":224,"column":16},"end":{"line":264,"column":17}},{"start":{"line":258,"column":23},"end":{"line":264,"column":17}}],"line":224},"46":{"loc":{"start":{"line":227,"column":20},"end":{"line":241,"column":21}},"type":"if","locations":[{"start":{"line":227,"column":20},"end":{"line":241,"column":21}},{"start":{"line":235,"column":25},"end":{"line":241,"column":21}}],"line":227},"47":{"loc":{"start":{"line":227,"column":23},"end":{"line":227,"column":88}},"type":"binary-expr","locations":[{"start":{"line":227,"column":23},"end":{"line":227,"column":35}},{"start":{"line":227,"column":39},"end":{"line":227,"column":56}},{"start":{"line":227,"column":60},"end":{"line":227,"column":88}}],"line":227},"48":{"loc":{"start":{"line":228,"column":24},"end":{"line":230,"column":25}},"type":"if","locations":[{"start":{"line":228,"column":24},"end":{"line":230,"column":25}},{"start":{},"end":{}}],"line":228},"49":{"loc":{"start":{"line":228,"column":27},"end":{"line":228,"column":95}},"type":"binary-expr","locations":[{"start":{"line":228,"column":28},"end":{"line":228,"column":40}},{"start":{"line":228,"column":44},"end":{"line":228,"column":55}},{"start":{"line":228,"column":61},"end":{"line":228,"column":79}},{"start":{"line":228,"column":83},"end":{"line":228,"column":94}}],"line":228},"50":{"loc":{"start":{"line":231,"column":24},"end":{"line":233,"column":25}},"type":"if","locations":[{"start":{"line":231,"column":24},"end":{"line":233,"column":25}},{"start":{},"end":{}}],"line":231},"51":{"loc":{"start":{"line":231,"column":27},"end":{"line":231,"column":73}},"type":"binary-expr","locations":[{"start":{"line":231,"column":27},"end":{"line":231,"column":57}},{"start":{"line":231,"column":61},"end":{"line":231,"column":73}}],"line":231},"52":{"loc":{"start":{"line":235,"column":25},"end":{"line":241,"column":21}},"type":"if","locations":[{"start":{"line":235,"column":25},"end":{"line":241,"column":21}},{"start":{},"end":{}}],"line":235},"53":{"loc":{"start":{"line":236,"column":24},"end":{"line":240,"column":25}},"type":"if","locations":[{"start":{"line":236,"column":24},"end":{"line":240,"column":25}},{"start":{"line":238,"column":31},"end":{"line":240,"column":25}}],"line":236},"54":{"loc":{"start":{"line":236,"column":27},"end":{"line":236,"column":62}},"type":"binary-expr","locations":[{"start":{"line":236,"column":27},"end":{"line":236,"column":46}},{"start":{"line":236,"column":50},"end":{"line":236,"column":62}}],"line":236},"55":{"loc":{"start":{"line":238,"column":31},"end":{"line":240,"column":25}},"type":"if","locations":[{"start":{"line":238,"column":31},"end":{"line":240,"column":25}},{"start":{},"end":{}}],"line":238},"56":{"loc":{"start":{"line":238,"column":34},"end":{"line":238,"column":67}},"type":"binary-expr","locations":[{"start":{"line":238,"column":34},"end":{"line":238,"column":51}},{"start":{"line":238,"column":55},"end":{"line":238,"column":67}}],"line":238},"57":{"loc":{"start":{"line":242,"column":20},"end":{"line":253,"column":21}},"type":"if","locations":[{"start":{"line":242,"column":20},"end":{"line":253,"column":21}},{"start":{"line":251,"column":25},"end":{"line":253,"column":21}}],"line":242},"58":{"loc":{"start":{"line":243,"column":24},"end":{"line":246,"column":25}},"type":"if","locations":[{"start":{"line":243,"column":24},"end":{"line":246,"column":25}},{"start":{},"end":{}}],"line":243},"59":{"loc":{"start":{"line":243,"column":27},"end":{"line":243,"column":68}},"type":"binary-expr","locations":[{"start":{"line":243,"column":27},"end":{"line":243,"column":43}},{"start":{"line":243,"column":47},"end":{"line":243,"column":68}}],"line":243},"60":{"loc":{"start":{"line":247,"column":24},"end":{"line":249,"column":25}},"type":"if","locations":[{"start":{"line":247,"column":24},"end":{"line":249,"column":25}},{"start":{},"end":{}}],"line":247},"61":{"loc":{"start":{"line":251,"column":25},"end":{"line":253,"column":21}},"type":"if","locations":[{"start":{"line":251,"column":25},"end":{"line":253,"column":21}},{"start":{},"end":{}}],"line":251},"62":{"loc":{"start":{"line":251,"column":28},"end":{"line":251,"column":88}},"type":"binary-expr","locations":[{"start":{"line":251,"column":28},"end":{"line":251,"column":43}},{"start":{"line":251,"column":47},"end":{"line":251,"column":88}}],"line":251},"63":{"loc":{"start":{"line":260,"column":20},"end":{"line":263,"column":21}},"type":"if","locations":[{"start":{"line":260,"column":20},"end":{"line":263,"column":21}},{"start":{},"end":{}}],"line":260},"64":{"loc":{"start":{"line":268,"column":8},"end":{"line":270,"column":9}},"type":"if","locations":[{"start":{"line":268,"column":8},"end":{"line":270,"column":9}},{"start":{},"end":{}}],"line":268},"65":{"loc":{"start":{"line":268,"column":11},"end":{"line":268,"column":52}},"type":"binary-expr","locations":[{"start":{"line":268,"column":11},"end":{"line":268,"column":27}},{"start":{"line":268,"column":31},"end":{"line":268,"column":52}}],"line":268},"66":{"loc":{"start":{"line":271,"column":8},"end":{"line":273,"column":9}},"type":"if","locations":[{"start":{"line":271,"column":8},"end":{"line":273,"column":9}},{"start":{},"end":{}}],"line":271},"67":{"loc":{"start":{"line":271,"column":11},"end":{"line":271,"column":57}},"type":"binary-expr","locations":[{"start":{"line":271,"column":11},"end":{"line":271,"column":19}},{"start":{"line":271,"column":23},"end":{"line":271,"column":34}},{"start":{"line":271,"column":38},"end":{"line":271,"column":57}}],"line":271},"68":{"loc":{"start":{"line":292,"column":8},"end":{"line":297,"column":9}},"type":"if","locations":[{"start":{"line":292,"column":8},"end":{"line":297,"column":9}},{"start":{"line":295,"column":15},"end":{"line":297,"column":9}}],"line":292},"69":{"loc":{"start":{"line":294,"column":12},"end":{"line":294,"column":36}},"type":"if","locations":[{"start":{"line":294,"column":12},"end":{"line":294,"column":36}},{"start":{},"end":{}}],"line":294},"70":{"loc":{"start":{"line":295,"column":15},"end":{"line":297,"column":9}},"type":"if","locations":[{"start":{"line":295,"column":15},"end":{"line":297,"column":9}},{"start":{},"end":{}}],"line":295},"71":{"loc":{"start":{"line":295,"column":18},"end":{"line":295,"column":40}},"type":"binary-expr","locations":[{"start":{"line":295,"column":18},"end":{"line":295,"column":24}},{"start":{"line":295,"column":28},"end":{"line":295,"column":40}}],"line":295},"72":{"loc":{"start":{"line":298,"column":8},"end":{"line":308,"column":9}},"type":"if","locations":[{"start":{"line":298,"column":8},"end":{"line":308,"column":9}},{"start":{},"end":{}}],"line":298},"73":{"loc":{"start":{"line":300,"column":12},"end":{"line":307,"column":13}},"type":"if","locations":[{"start":{"line":300,"column":12},"end":{"line":307,"column":13}},{"start":{"line":302,"column":19},"end":{"line":307,"column":13}}],"line":300},"74":{"loc":{"start":{"line":300,"column":15},"end":{"line":300,"column":48}},"type":"binary-expr","locations":[{"start":{"line":300,"column":15},"end":{"line":300,"column":21}},{"start":{"line":300,"column":25},"end":{"line":300,"column":48}}],"line":300},"75":{"loc":{"start":{"line":309,"column":8},"end":{"line":327,"column":9}},"type":"if","locations":[{"start":{"line":309,"column":8},"end":{"line":327,"column":9}},{"start":{},"end":{}}],"line":309},"76":{"loc":{"start":{"line":310,"column":12},"end":{"line":326,"column":13}},"type":"if","locations":[{"start":{"line":310,"column":12},"end":{"line":326,"column":13}},{"start":{},"end":{}}],"line":310},"77":{"loc":{"start":{"line":311,"column":16},"end":{"line":324,"column":17}},"type":"if","locations":[{"start":{"line":311,"column":16},"end":{"line":324,"column":17}},{"start":{},"end":{}}],"line":311},"78":{"loc":{"start":{"line":311,"column":19},"end":{"line":311,"column":66}},"type":"binary-expr","locations":[{"start":{"line":311,"column":19},"end":{"line":311,"column":38}},{"start":{"line":311,"column":42},"end":{"line":311,"column":66}}],"line":311},"79":{"loc":{"start":{"line":313,"column":20},"end":{"line":323,"column":21}},"type":"if","locations":[{"start":{"line":313,"column":20},"end":{"line":323,"column":21}},{"start":{"line":315,"column":27},"end":{"line":323,"column":21}}],"line":313},"80":{"loc":{"start":{"line":318,"column":24},"end":{"line":322,"column":25}},"type":"if","locations":[{"start":{"line":318,"column":24},"end":{"line":322,"column":25}},{"start":{"line":320,"column":31},"end":{"line":322,"column":25}}],"line":318},"81":{"loc":{"start":{"line":329,"column":4},"end":{"line":331,"column":5}},"type":"if","locations":[{"start":{"line":329,"column":4},"end":{"line":331,"column":5}},{"start":{},"end":{}}],"line":329},"82":{"loc":{"start":{"line":343,"column":8},"end":{"line":343,"column":74}},"type":"if","locations":[{"start":{"line":343,"column":8},"end":{"line":343,"column":74}},{"start":{},"end":{}}],"line":343},"83":{"loc":{"start":{"line":363,"column":18},"end":{"line":363,"column":60}},"type":"cond-expr","locations":[{"start":{"line":363,"column":28},"end":{"line":363,"column":43}},{"start":{"line":363,"column":46},"end":{"line":363,"column":60}}],"line":363},"84":{"loc":{"start":{"line":364,"column":8},"end":{"line":406,"column":9}},"type":"if","locations":[{"start":{"line":364,"column":8},"end":{"line":406,"column":9}},{"start":{"line":404,"column":15},"end":{"line":406,"column":9}}],"line":364},"85":{"loc":{"start":{"line":365,"column":12},"end":{"line":403,"column":13}},"type":"if","locations":[{"start":{"line":365,"column":12},"end":{"line":403,"column":13}},{"start":{"line":382,"column":19},"end":{"line":403,"column":13}}],"line":365},"86":{"loc":{"start":{"line":365,"column":15},"end":{"line":365,"column":27}},"type":"binary-expr","locations":[{"start":{"line":365,"column":15},"end":{"line":365,"column":20}},{"start":{"line":365,"column":24},"end":{"line":365,"column":27}}],"line":365},"87":{"loc":{"start":{"line":371,"column":20},"end":{"line":375,"column":21}},"type":"if","locations":[{"start":{"line":371,"column":20},"end":{"line":375,"column":21}},{"start":{"line":373,"column":27},"end":{"line":375,"column":21}}],"line":371},"88":{"loc":{"start":{"line":381,"column":16},"end":{"line":381,"column":56}},"type":"if","locations":[{"start":{"line":381,"column":16},"end":{"line":381,"column":56}},{"start":{},"end":{}}],"line":381},"89":{"loc":{"start":{"line":381,"column":19},"end":{"line":381,"column":41}},"type":"binary-expr","locations":[{"start":{"line":381,"column":19},"end":{"line":381,"column":30}},{"start":{"line":381,"column":34},"end":{"line":381,"column":41}}],"line":381},"90":{"loc":{"start":{"line":382,"column":19},"end":{"line":403,"column":13}},"type":"if","locations":[{"start":{"line":382,"column":19},"end":{"line":403,"column":13}},{"start":{"line":392,"column":19},"end":{"line":403,"column":13}}],"line":382},"91":{"loc":{"start":{"line":383,"column":16},"end":{"line":391,"column":17}},"type":"if","locations":[{"start":{"line":383,"column":16},"end":{"line":391,"column":17}},{"start":{},"end":{}}],"line":383},"92":{"loc":{"start":{"line":386,"column":20},"end":{"line":390,"column":21}},"type":"if","locations":[{"start":{"line":386,"column":20},"end":{"line":390,"column":21}},{"start":{"line":388,"column":27},"end":{"line":390,"column":21}}],"line":386},"93":{"loc":{"start":{"line":392,"column":19},"end":{"line":403,"column":13}},"type":"if","locations":[{"start":{"line":392,"column":19},"end":{"line":403,"column":13}},{"start":{"line":397,"column":19},"end":{"line":403,"column":13}}],"line":392},"94":{"loc":{"start":{"line":396,"column":16},"end":{"line":396,"column":42}},"type":"if","locations":[{"start":{"line":396,"column":16},"end":{"line":396,"column":42}},{"start":{},"end":{}}],"line":396},"95":{"loc":{"start":{"line":398,"column":16},"end":{"line":402,"column":17}},"type":"if","locations":[{"start":{"line":398,"column":16},"end":{"line":402,"column":17}},{"start":{"line":400,"column":23},"end":{"line":402,"column":17}}],"line":398},"96":{"loc":{"start":{"line":407,"column":8},"end":{"line":409,"column":9}},"type":"if","locations":[{"start":{"line":407,"column":8},"end":{"line":409,"column":9}},{"start":{},"end":{}}],"line":407},"97":{"loc":{"start":{"line":407,"column":11},"end":{"line":407,"column":45}},"type":"binary-expr","locations":[{"start":{"line":407,"column":11},"end":{"line":407,"column":31}},{"start":{"line":407,"column":35},"end":{"line":407,"column":45}}],"line":407},"98":{"loc":{"start":{"line":420,"column":4},"end":{"line":422,"column":5}},"type":"if","locations":[{"start":{"line":420,"column":4},"end":{"line":422,"column":5}},{"start":{},"end":{}}],"line":420},"99":{"loc":{"start":{"line":420,"column":7},"end":{"line":420,"column":109}},"type":"binary-expr","locations":[{"start":{"line":420,"column":7},"end":{"line":420,"column":34}},{"start":{"line":420,"column":39},"end":{"line":420,"column":67}},{"start":{"line":420,"column":71},"end":{"line":420,"column":108}}],"line":420},"100":{"loc":{"start":{"line":428,"column":18},"end":{"line":428,"column":106}},"type":"cond-expr","locations":[{"start":{"line":428,"column":38},"end":{"line":428,"column":67}},{"start":{"line":428,"column":70},"end":{"line":428,"column":106}}],"line":428},"101":{"loc":{"start":{"line":428,"column":70},"end":{"line":428,"column":106}},"type":"binary-expr","locations":[{"start":{"line":428,"column":70},"end":{"line":428,"column":88}},{"start":{"line":428,"column":92},"end":{"line":428,"column":106}}],"line":428},"102":{"loc":{"start":{"line":429,"column":4},"end":{"line":431,"column":5}},"type":"if","locations":[{"start":{"line":429,"column":4},"end":{"line":431,"column":5}},{"start":{},"end":{}}],"line":429},"103":{"loc":{"start":{"line":434,"column":18},"end":{"line":434,"column":70}},"type":"binary-expr","locations":[{"start":{"line":434,"column":18},"end":{"line":434,"column":34}},{"start":{"line":434,"column":38},"end":{"line":434,"column":70}}],"line":434},"104":{"loc":{"start":{"line":436,"column":8},"end":{"line":438,"column":9}},"type":"if","locations":[{"start":{"line":436,"column":8},"end":{"line":438,"column":9}},{"start":{},"end":{}}],"line":436},"105":{"loc":{"start":{"line":436,"column":11},"end":{"line":436,"column":46}},"type":"binary-expr","locations":[{"start":{"line":436,"column":11},"end":{"line":436,"column":25}},{"start":{"line":436,"column":29},"end":{"line":436,"column":46}}],"line":436},"106":{"loc":{"start":{"line":439,"column":8},"end":{"line":441,"column":9}},"type":"if","locations":[{"start":{"line":439,"column":8},"end":{"line":441,"column":9}},{"start":{},"end":{}}],"line":439},"107":{"loc":{"start":{"line":442,"column":8},"end":{"line":444,"column":9}},"type":"if","locations":[{"start":{"line":442,"column":8},"end":{"line":444,"column":9}},{"start":{},"end":{}}],"line":442},"108":{"loc":{"start":{"line":445,"column":8},"end":{"line":447,"column":9}},"type":"if","locations":[{"start":{"line":445,"column":8},"end":{"line":447,"column":9}},{"start":{},"end":{}}],"line":445},"109":{"loc":{"start":{"line":446,"column":13},"end":{"line":446,"column":49}},"type":"binary-expr","locations":[{"start":{"line":446,"column":13},"end":{"line":446,"column":31}},{"start":{"line":446,"column":35},"end":{"line":446,"column":49}}],"line":446},"110":{"loc":{"start":{"line":450,"column":8},"end":{"line":456,"column":9}},"type":"if","locations":[{"start":{"line":450,"column":8},"end":{"line":456,"column":9}},{"start":{"line":452,"column":15},"end":{"line":456,"column":9}}],"line":450},"111":{"loc":{"start":{"line":458,"column":38},"end":{"line":458,"column":80}},"type":"cond-expr","locations":[{"start":{"line":458,"column":56},"end":{"line":458,"column":64}},{"start":{"line":458,"column":67},"end":{"line":458,"column":80}}],"line":458},"112":{"loc":{"start":{"line":460,"column":12},"end":{"line":462,"column":13}},"type":"if","locations":[{"start":{"line":460,"column":12},"end":{"line":462,"column":13}},{"start":{},"end":{}}],"line":460},"113":{"loc":{"start":{"line":464,"column":8},"end":{"line":480,"column":9}},"type":"if","locations":[{"start":{"line":464,"column":8},"end":{"line":480,"column":9}},{"start":{},"end":{}}],"line":464},"114":{"loc":{"start":{"line":465,"column":12},"end":{"line":465,"column":107}},"type":"if","locations":[{"start":{"line":465,"column":12},"end":{"line":465,"column":107}},{"start":{},"end":{}}],"line":465},"115":{"loc":{"start":{"line":465,"column":15},"end":{"line":465,"column":54}},"type":"binary-expr","locations":[{"start":{"line":465,"column":15},"end":{"line":465,"column":32}},{"start":{"line":465,"column":36},"end":{"line":465,"column":54}}],"line":465},"116":{"loc":{"start":{"line":467,"column":16},"end":{"line":469,"column":17}},"type":"if","locations":[{"start":{"line":467,"column":16},"end":{"line":469,"column":17}},{"start":{},"end":{}}],"line":467},"117":{"loc":{"start":{"line":471,"column":16},"end":{"line":473,"column":17}},"type":"if","locations":[{"start":{"line":471,"column":16},"end":{"line":473,"column":17}},{"start":{},"end":{}}],"line":471},"118":{"loc":{"start":{"line":475,"column":20},"end":{"line":477,"column":21}},"type":"if","locations":[{"start":{"line":475,"column":20},"end":{"line":477,"column":21}},{"start":{},"end":{}}],"line":475}},"s":{"0":1,"1":1,"2":1,"3":1,"4":1,"5":1,"6":1,"7":1,"8":1,"9":1,"10":1,"11":1,"12":1,"13":1,"14":4,"15":4,"16":4,"17":4,"18":4,"19":42,"20":8,"21":4,"22":4,"23":34,"24":19,"25":15,"26":1,"27":26,"28":26,"29":26,"30":26,"31":22,"32":22,"33":63,"34":22,"35":63,"36":26,"37":1,"38":11,"39":1,"40":11,"41":11,"42":11,"43":11,"44":11,"45":11,"46":32,"47":11,"48":21,"49":21,"50":11,"51":11,"52":1,"53":4,"54":4,"55":4,"56":4,"57":4,"58":4,"59":4,"60":4,"61":4,"62":4,"63":4,"64":198,"65":198,"66":6,"67":198,"68":167,"69":167,"70":8,"71":4,"72":4,"73":4,"74":4,"75":4,"76":159,"77":159,"78":30,"79":30,"80":30,"81":23,"82":23,"83":23,"84":23,"85":24,"86":23,"87":7,"88":30,"89":30,"90":129,"91":4,"92":4,"93":160,"94":22,"95":4,"96":22,"97":4,"98":138,"99":138,"100":134,"101":4,"102":1,"103":8,"104":5,"105":3,"106":3,"107":3,"108":3,"109":8,"110":1,"111":23,"112":1,"113":22,"114":22,"115":22,"116":22,"117":39,"118":14,"119":39,"120":13,"121":39,"122":4,"123":2,"124":39,"125":14,"126":25,"127":22,"128":8,"129":4,"130":14,"131":1,"132":1,"133":7,"134":7,"135":7,"136":1,"137":6,"138":6,"139":6,"140":6,"141":6,"142":6,"143":6,"144":6,"145":6,"146":6,"147":6,"148":54,"149":54,"150":2,"151":54,"152":50,"153":50,"154":17,"155":17,"156":17,"157":13,"158":2,"159":13,"160":1,"161":4,"162":4,"163":2,"164":2,"165":0,"166":17,"167":2,"168":1,"169":2,"170":1,"171":15,"172":1,"173":17,"174":17,"175":17,"176":17,"177":33,"178":1,"179":1,"180":6,"181":6,"182":3,"183":6,"184":1,"185":7,"186":1,"187":16,"188":16,"189":39,"190":16,"191":16,"192":16,"193":16,"194":16,"195":16,"196":16,"197":16,"198":16,"199":16,"200":16,"201":335,"202":335,"203":218,"204":218,"205":26,"206":117,"207":26,"208":335,"209":13,"210":13,"211":1,"212":12,"213":12,"214":12,"215":12,"216":335,"217":187,"218":56,"219":9,"220":9,"221":4,"222":5,"223":5,"224":5,"225":4,"226":1,"227":56,"228":16,"229":3,"230":16,"231":1,"232":4,"233":1,"234":5,"235":5,"236":5,"237":10,"238":10,"239":5,"240":10,"241":5,"242":1,"243":20,"244":20,"245":20,"246":20,"247":20,"248":20,"249":20,"250":20,"251":20,"252":20,"253":47,"254":47,"255":47,"256":47,"257":47,"258":44,"259":8,"260":8,"261":8,"262":8,"263":8,"264":9,"265":8,"266":1,"267":9,"268":9,"269":8,"270":8,"271":8,"272":4,"273":36,"274":2,"275":2,"276":2,"277":2,"278":1,"279":1,"280":34,"281":2,"282":2,"283":2,"284":2,"285":2,"286":32,"287":32,"288":0,"289":3,"290":40,"291":20,"292":20,"293":1,"294":1,"295":1,"296":12,"297":12,"298":3,"299":12,"300":1,"301":16,"302":16,"303":16,"304":1,"305":16,"306":16,"307":16,"308":16,"309":18,"310":16,"311":1,"312":15,"313":1,"314":14,"315":1,"316":13,"317":3,"318":13,"319":13,"320":13,"321":0,"322":0,"323":13,"324":13,"325":13,"326":13,"327":13,"328":1,"329":12,"330":12,"331":0,"332":12,"333":12,"334":1,"335":12,"336":12,"337":1,"338":12,"339":11,"340":1,"341":11,"342":1},"f":{"0":4,"1":42,"2":26,"3":11,"4":4,"5":8,"6":23,"7":7,"8":16,"9":39,"10":4,"11":5,"12":20,"13":1,"14":12,"15":16,"16":0,"17":16,"18":18,"19":0,"20":12,"21":11,"22":11},"b":{"0":[8,34],"1":[4,4],"2":[1,3],"3":[19,15],"4":[34,25],"5":[22,4],"6":[22,41],"7":[1,10],"8":[11,21],"9":[2,2],"10":[6,192],"11":[167,31],"12":[198,189],"13":[8,159],"14":[4,4],"15":[30,129],"16":[23,7],"17":[4,125],"18":[129,16],"19":[22,138],"20":[4,18],"21":[22,14],"22":[4,18],"23":[22,18],"24":[134,4],"25":[5,3],"26":[1,22],"27":[23,15],"28":[14,25],"29":[39,36],"30":[13,26],"31":[39,35],"32":[4,35],"33":[39,17,11],"34":[2,2],"35":[4,0,4],"36":[14,25],"37":[8,14],"38":[4,4],"39":[8,7],"40":[1,13],"41":[14,10],"42":[1,6],"43":[2,52],"44":[50,4],"45":[17,33],"46":[13,4],"47":[17,13,8],"48":[2,11],"49":[13,4,11,7],"50":[1,12],"51":[13,6],"52":[4,0],"53":[2,2],"54":[4,4],"55":[0,2],"56":[2,0],"57":[2,15],"58":[1,1],"59":[2,2],"60":[1,1],"61":[1,14],"62":[15,15],"63":[1,32],"64":[3,3],"65":[6,5],"66":[1,5],"67":[6,4,4],"68":[218,117],"69":[26,192],"70":[26,91],"71":[117,117],"72":[13,322],"73":[1,12],"74":[13,1],"75":[187,148],"76":[56,131],"77":[9,47],"78":[56,40],"79":[4,5],"80":[4,1],"81":[3,13],"82":[5,5],"83":[2,45],"84":[44,3],"85":[8,36],"86":[44,10],"87":[8,1],"88":[4,4],"89":[8,4],"90":[2,34],"91":[2,0],"92":[1,1],"93":[2,32],"94":[2,0],"95":[32,0],"96":[20,20],"97":[40,21],"98":[3,9],"99":[12,10,2],"100":[13,3],"101":[3,2],"102":[1,15],"103":[16,2],"104":[1,15],"105":[16,1],"106":[1,14],"107":[1,13],"108":[3,10],"109":[3,2],"110":[13,0],"111":[13,0],"112":[1,12],"113":[12,0],"114":[0,12],"115":[12,1],"116":[1,11],"117":[1,11],"118":[1,10]},"_coverageSchema":"1a1c01bbd47fc00a2c39e90264f33305004495a9","hash":"808906b79b94291069893b879f8492524947990c","contentHash":"b9c2dd5f8ab1bb95e2ebca8706318d2a8ff8d79caee798a48dda05697db01184"}}